[DEBUG] 2021-10-14 10:41:14.913 [main] DatabaseController - created payment card: 8239
[DEBUG] 2021-10-14 10:41:17.541 [main] TestAPI - created user: 317
[DEBUG] 2021-10-14 10:41:17.673 [main] DatabaseController - created user: 1805
[DEBUG] 2021-10-14 10:41:17.845 [main] DatabaseController - created address: 9837
[DEBUG] 2021-10-14 10:41:17.991 [main] DatabaseController - created user: 8533
[DEBUG] 2021-10-14 10:41:18.310 [main] DatabaseController - created user: 7708
[DEBUG] 2021-10-14 10:41:18.395 [main] DatabaseController - deleted user: 317
[DEBUG] 2021-10-14 10:41:18.439 [main] DatabaseController - deleted user: 1805
[DEBUG] 2021-10-14 10:41:18.486 [main] DatabaseController - deleted user: 8533
[DEBUG] 2021-10-14 10:41:18.549 [main] DatabaseController - deleted user: 7708
[DEBUG] 2021-10-14 10:41:18.584 [main] DatabaseController - deleted payment card: 8239
[DEBUG] 2021-10-14 10:41:18.624 [main] DatabaseController - deleted address: 9837
[DEBUG] 2021-10-14 10:42:15.372 [main] DatabaseController - created payment card: 8446
[DEBUG] 2021-10-14 10:42:18.232 [main] TestAPI - created user: 318
[DEBUG] 2021-10-14 10:42:18.363 [main] DatabaseController - created user: 4797
[DEBUG] 2021-10-14 10:42:18.544 [main] DatabaseController - created address: 4850
[DEBUG] 2021-10-14 10:42:18.678 [main] DatabaseController - created user: 4195
[DEBUG] 2021-10-14 10:42:19.055 [main] DatabaseController - created user: 7655
[DEBUG] 2021-10-14 10:42:19.171 [main] DatabaseController - deleted user: 318
[DEBUG] 2021-10-14 10:42:19.221 [main] DatabaseController - deleted user: 4797
[DEBUG] 2021-10-14 10:42:19.256 [main] DatabaseController - deleted user: 4195
[DEBUG] 2021-10-14 10:42:19.300 [main] DatabaseController - deleted user: 7655
[DEBUG] 2021-10-14 10:42:19.343 [main] DatabaseController - deleted payment card: 8446
[DEBUG] 2021-10-14 10:42:19.383 [main] DatabaseController - deleted address: 4850
[DEBUG] 2021-10-14 10:43:25.847 [main] DatabaseController - created payment card: 1111
[DEBUG] 2021-10-14 10:43:28.854 [main] TestAPI - created user: 319
[DEBUG] 2021-10-14 10:43:29.014 [main] DatabaseController - created user: 4245
[DEBUG] 2021-10-14 10:43:29.207 [main] DatabaseController - created address: 9937
[DEBUG] 2021-10-14 10:43:29.421 [main] DatabaseController - created user: 8665
[DEBUG] 2021-10-14 10:43:29.744 [main] DatabaseController - created user: 4612
[DEBUG] 2021-10-14 10:43:29.811 [main] DatabaseController - deleted user: 319
[DEBUG] 2021-10-14 10:43:29.848 [main] DatabaseController - deleted user: 4245
[DEBUG] 2021-10-14 10:43:29.888 [main] DatabaseController - deleted user: 8665
[DEBUG] 2021-10-14 10:43:29.926 [main] DatabaseController - deleted user: 4612
[DEBUG] 2021-10-14 10:43:29.964 [main] DatabaseController - deleted payment card: 1111
[DEBUG] 2021-10-14 10:43:30.001 [main] DatabaseController - deleted address: 9937
[DEBUG] 2021-10-14 10:45:11.572 [main] DatabaseController - created payment card: 4828
[DEBUG] 2021-10-14 10:45:14.776 [main] TestAPI - created user: 320
[DEBUG] 2021-10-14 10:45:14.907 [main] DatabaseController - created user: 6736
[DEBUG] 2021-10-14 10:45:15.228 [main] DatabaseController - created address: 8023
[DEBUG] 2021-10-14 10:45:15.424 [main] DatabaseController - created user: 9179
[DEBUG] 2021-10-14 10:45:15.951 [main] DatabaseController - created user: 7616
[DEBUG] 2021-10-14 10:45:16.055 [main] DatabaseController - deleted user: 320
[DEBUG] 2021-10-14 10:45:16.103 [main] DatabaseController - deleted user: 6736
[DEBUG] 2021-10-14 10:45:16.140 [main] DatabaseController - deleted user: 9179
[DEBUG] 2021-10-14 10:45:16.191 [main] DatabaseController - deleted user: 7616
[DEBUG] 2021-10-14 10:45:16.241 [main] DatabaseController - deleted payment card: 4828
[DEBUG] 2021-10-14 10:45:16.286 [main] DatabaseController - deleted address: 8023
[DEBUG] 2021-10-14 10:45:44.093 [main] DatabaseController - created payment card: 2919
[DEBUG] 2021-10-14 10:45:46.541 [main] TestAPI - created user: 321
[DEBUG] 2021-10-14 10:45:46.639 [main] DatabaseController - created user: 3379
[DEBUG] 2021-10-14 10:45:46.771 [main] DatabaseController - created address: 5764
[DEBUG] 2021-10-14 10:45:46.930 [main] DatabaseController - created user: 2460
[DEBUG] 2021-10-14 10:45:47.193 [main] DatabaseController - created user: 2022
[DEBUG] 2021-10-14 10:45:47.268 [main] DatabaseController - deleted user: 321
[DEBUG] 2021-10-14 10:45:47.303 [main] DatabaseController - deleted user: 3379
[DEBUG] 2021-10-14 10:45:47.353 [main] DatabaseController - deleted user: 2460
[DEBUG] 2021-10-14 10:45:47.384 [main] DatabaseController - deleted user: 2022
[DEBUG] 2021-10-14 10:45:47.417 [main] DatabaseController - deleted payment card: 2919
[DEBUG] 2021-10-14 10:45:47.450 [main] DatabaseController - deleted address: 5764
[DEBUG] 2021-10-14 10:46:15.168 [main] DatabaseController - created payment card: 4578
[DEBUG] 2021-10-14 10:46:17.643 [main] TestAPI - created user: 322
[DEBUG] 2021-10-14 10:46:17.752 [main] DatabaseController - created user: 7009
[DEBUG] 2021-10-14 10:46:17.900 [main] DatabaseController - created address: 5228
[DEBUG] 2021-10-14 10:46:18.066 [main] DatabaseController - created user: 1071
[DEBUG] 2021-10-14 10:46:18.378 [main] DatabaseController - created user: 6864
[DEBUG] 2021-10-14 10:46:18.467 [main] DatabaseController - deleted user: 322
[DEBUG] 2021-10-14 10:46:18.505 [main] DatabaseController - deleted user: 7009
[DEBUG] 2021-10-14 10:46:18.550 [main] DatabaseController - deleted user: 1071
[DEBUG] 2021-10-14 10:46:18.597 [main] DatabaseController - deleted user: 6864
[DEBUG] 2021-10-14 10:46:18.638 [main] DatabaseController - deleted payment card: 4578
[DEBUG] 2021-10-14 10:46:18.675 [main] DatabaseController - deleted address: 5228
[DEBUG] 2021-10-14 10:48:02.460 [main] DatabaseController - created payment card: 5213
[DEBUG] 2021-10-14 10:48:04.707 [main] TestAPI - created user: 323
[DEBUG] 2021-10-14 10:48:04.811 [main] DatabaseController - created user: 1958
[DEBUG] 2021-10-14 10:48:04.935 [main] DatabaseController - created address: 3868
[DEBUG] 2021-10-14 10:48:05.065 [main] DatabaseController - created user: 3364
[DEBUG] 2021-10-14 10:48:05.352 [main] DatabaseController - created user: 4489
[DEBUG] 2021-10-14 10:48:05.428 [main] DatabaseController - deleted user: 323
[DEBUG] 2021-10-14 10:48:05.468 [main] DatabaseController - deleted user: 1958
[DEBUG] 2021-10-14 10:48:05.499 [main] DatabaseController - deleted user: 3364
[DEBUG] 2021-10-14 10:48:05.530 [main] DatabaseController - deleted user: 4489
[DEBUG] 2021-10-14 10:48:05.559 [main] DatabaseController - deleted payment card: 5213
[DEBUG] 2021-10-14 10:48:05.593 [main] DatabaseController - deleted address: 3868
[DEBUG] 2021-10-14 10:52:07.184 [main] DatabaseController - created payment card: 1303
[DEBUG] 2021-10-14 10:52:10.237 [main] TestAPI - created user: 324
[DEBUG] 2021-10-14 10:52:10.453 [main] DatabaseController - created user: 5213
[DEBUG] 2021-10-14 10:52:10.588 [main] DatabaseController - created address: 2820
[DEBUG] 2021-10-14 10:52:10.720 [main] DatabaseController - created user: 3641
[DEBUG] 2021-10-14 10:52:11.038 [main] DatabaseController - created user: 4130
[DEBUG] 2021-10-14 10:52:11.114 [main] DatabaseController - deleted user: 324
[DEBUG] 2021-10-14 10:52:11.171 [main] DatabaseController - deleted user: 5213
[DEBUG] 2021-10-14 10:52:11.216 [main] DatabaseController - deleted user: 3641
[DEBUG] 2021-10-14 10:52:11.303 [main] DatabaseController - deleted user: 4130
[DEBUG] 2021-10-14 10:52:11.353 [main] DatabaseController - deleted payment card: 1303
[DEBUG] 2021-10-14 10:52:11.400 [main] DatabaseController - deleted address: 2820
[DEBUG] 2021-10-14 11:45:31.130 [main] DatabaseController - created payment card: 8046
[DEBUG] 2021-10-14 11:45:33.652 [main] TestAPI - created user: 325
[DEBUG] 2021-10-14 11:45:33.766 [main] DatabaseController - created user: 8996
[DEBUG] 2021-10-14 11:45:33.933 [main] DatabaseController - created address: 8686
[DEBUG] 2021-10-14 11:45:34.114 [main] DatabaseController - created user: 1473
[DEBUG] 2021-10-14 11:45:34.533 [main] DatabaseController - created user: 3978
[DEBUG] 2021-10-14 11:45:34.631 [main] DatabaseController - deleted user: 325
[DEBUG] 2021-10-14 11:45:34.666 [main] DatabaseController - deleted user: 8996
[DEBUG] 2021-10-14 11:45:34.699 [main] DatabaseController - deleted user: 1473
[DEBUG] 2021-10-14 11:45:34.732 [main] DatabaseController - deleted user: 3978
[DEBUG] 2021-10-14 11:45:34.768 [main] DatabaseController - deleted payment card: 8046
[DEBUG] 2021-10-14 11:45:34.796 [main] DatabaseController - deleted address: 8686
[DEBUG] 2021-10-14 11:47:58.058 [main] DatabaseController - created payment card: 6287
[DEBUG] 2021-10-14 11:48:00.314 [main] TestAPI - created user: 326
[DEBUG] 2021-10-14 11:48:00.440 [main] DatabaseController - created user: 1928
[DEBUG] 2021-10-14 11:48:00.606 [main] DatabaseController - created address: 4417
[DEBUG] 2021-10-14 11:48:00.755 [main] DatabaseController - created user: 6298
[DEBUG] 2021-10-14 11:48:01.179 [main] DatabaseController - created user: 9556
[DEBUG] 2021-10-14 11:48:01.283 [main] DatabaseController - deleted user: 326
[DEBUG] 2021-10-14 11:48:01.322 [main] DatabaseController - deleted user: 1928
[DEBUG] 2021-10-14 11:48:01.361 [main] DatabaseController - deleted user: 6298
[DEBUG] 2021-10-14 11:48:01.400 [main] DatabaseController - deleted user: 9556
[DEBUG] 2021-10-14 11:48:01.434 [main] DatabaseController - deleted payment card: 6287
[DEBUG] 2021-10-14 11:48:01.463 [main] DatabaseController - deleted address: 4417
[DEBUG] 2021-10-14 13:38:54.601 [main] DatabaseController - created address: 7031
[DEBUG] 2021-10-14 13:38:56.702 [main] DatabaseController - deleted address: 7031
[DEBUG] 2021-10-14 13:52:41.799 [main] DatabaseController - created payment card: 1685
[DEBUG] 2021-10-14 13:52:44.613 [main] TestAPI - created user: 327
[DEBUG] 2021-10-14 13:52:44.716 [main] DatabaseController - created user: 5234
[DEBUG] 2021-10-14 13:52:44.895 [main] DatabaseController - created address: 4942
[DEBUG] 2021-10-14 13:52:45.059 [main] DatabaseController - created user: 4050
[DEBUG] 2021-10-14 13:52:45.380 [main] DatabaseController - created user: 7677
[DEBUG] 2021-10-14 13:52:45.480 [main] DatabaseController - deleted user: 327
[DEBUG] 2021-10-14 13:52:45.520 [main] DatabaseController - deleted user: 5234
[DEBUG] 2021-10-14 13:52:45.569 [main] DatabaseController - deleted user: 4050
[DEBUG] 2021-10-14 13:52:45.614 [main] DatabaseController - deleted user: 7677
[DEBUG] 2021-10-14 13:52:45.661 [main] DatabaseController - deleted payment card: 1685
[DEBUG] 2021-10-14 13:52:45.703 [main] DatabaseController - deleted address: 4942
[DEBUG] 2021-10-14 13:55:19.240 [main] DatabaseController - created payment card: 1671
[DEBUG] 2021-10-14 13:55:21.575 [main] TestAPI - created user: 328
[DEBUG] 2021-10-14 13:55:21.702 [main] DatabaseController - created user: 1505
[DEBUG] 2021-10-14 13:55:21.888 [main] DatabaseController - created address: 9953
[DEBUG] 2021-10-14 13:55:22.042 [main] DatabaseController - created user: 5620
[DEBUG] 2021-10-14 13:55:22.376 [main] DatabaseController - created user: 6139
[DEBUG] 2021-10-14 13:55:22.469 [main] DatabaseController - deleted user: 328
[DEBUG] 2021-10-14 13:55:22.517 [main] DatabaseController - deleted user: 1505
[DEBUG] 2021-10-14 13:55:22.555 [main] DatabaseController - deleted user: 5620
[DEBUG] 2021-10-14 13:55:22.590 [main] DatabaseController - deleted user: 6139
[DEBUG] 2021-10-14 13:55:22.628 [main] DatabaseController - deleted payment card: 1671
[DEBUG] 2021-10-14 13:55:22.659 [main] DatabaseController - deleted address: 9953
[DEBUG] 2021-10-14 14:04:48.807 [main] DatabaseController - created payment card: 6983
[DEBUG] 2021-10-14 14:04:51.189 [main] TestAPI - created user: 329
[DEBUG] 2021-10-14 14:04:51.330 [main] DatabaseController - created user: 7789
[DEBUG] 2021-10-14 14:04:51.469 [main] DatabaseController - created address: 1995
[DEBUG] 2021-10-14 14:04:51.615 [main] DatabaseController - created user: 6379
[DEBUG] 2021-10-14 14:04:51.928 [main] DatabaseController - created user: 5276
[DEBUG] 2021-10-14 14:04:52.019 [main] DatabaseController - deleted user: 329
[DEBUG] 2021-10-14 14:04:52.066 [main] DatabaseController - deleted user: 7789
[DEBUG] 2021-10-14 14:04:52.106 [main] DatabaseController - deleted user: 6379
[DEBUG] 2021-10-14 14:04:52.153 [main] DatabaseController - deleted user: 5276
[DEBUG] 2021-10-14 14:04:52.185 [main] DatabaseController - deleted payment card: 6983
[DEBUG] 2021-10-14 14:04:52.219 [main] DatabaseController - deleted address: 1995
[DEBUG] 2021-10-14 14:23:54.507 [main] DatabaseController - created payment card: 8118
[DEBUG] 2021-10-14 14:23:57.459 [main] TestAPI - created user: 330
[DEBUG] 2021-10-14 14:23:57.578 [main] DatabaseController - created user: 4105
[DEBUG] 2021-10-14 14:23:57.841 [main] DatabaseController - created address: 6452
[DEBUG] 2021-10-14 14:23:58.013 [main] DatabaseController - created user: 8451
[DEBUG] 2021-10-14 14:23:58.316 [main] DatabaseController - created user: 4202
[DEBUG] 2021-10-14 14:23:58.398 [main] DatabaseController - deleted user: 330
[DEBUG] 2021-10-14 14:23:58.450 [main] DatabaseController - deleted user: 4105
[DEBUG] 2021-10-14 14:23:58.496 [main] DatabaseController - deleted user: 8451
[DEBUG] 2021-10-14 14:23:58.532 [main] DatabaseController - deleted user: 4202
[DEBUG] 2021-10-14 14:23:58.573 [main] DatabaseController - deleted payment card: 8118
[DEBUG] 2021-10-14 14:23:58.602 [main] DatabaseController - deleted address: 6452
[DEBUG] 2021-10-14 14:24:10.474 [main] DatabaseController - created payment card: 7752
[DEBUG] 2021-10-14 14:24:12.702 [main] DatabaseController - created user: 4270
[DEBUG] 2021-10-14 14:24:12.940 [main] DatabaseController - created address: 7777
[DEBUG] 2021-10-14 14:24:13.136 [main] DatabaseController - created user: 8832
[DEBUG] 2021-10-14 14:24:13.503 [main] DatabaseController - created user: 2495
[DEBUG] 2021-10-14 14:24:13.593 [main] DatabaseController - deleted user: 4270
[DEBUG] 2021-10-14 14:24:13.647 [main] DatabaseController - deleted user: 8832
[DEBUG] 2021-10-14 14:24:13.705 [main] DatabaseController - deleted user: 2495
[DEBUG] 2021-10-14 14:24:13.768 [main] DatabaseController - deleted payment card: 7752
[DEBUG] 2021-10-14 14:24:13.818 [main] DatabaseController - deleted address: 7777
[DEBUG] 2021-10-14 14:36:24.399 [main] DatabaseController - created payment card: 2404
[DEBUG] 2021-10-14 14:36:27.682 [main] TestAPI - created user: 331
[DEBUG] 2021-10-14 14:36:28.043 [main] DatabaseController - created user: 6121
[DEBUG] 2021-10-14 14:36:28.343 [main] DatabaseController - created address: 2222
[DEBUG] 2021-10-14 14:36:28.623 [main] DatabaseController - created user: 6976
[DEBUG] 2021-10-14 14:36:29.211 [main] DatabaseController - created user: 4517
[DEBUG] 2021-10-14 14:36:29.372 [main] DatabaseController - deleted user: 331
[DEBUG] 2021-10-14 14:36:29.512 [main] DatabaseController - deleted user: 6121
[DEBUG] 2021-10-14 14:36:29.607 [main] DatabaseController - deleted user: 6976
[DEBUG] 2021-10-14 14:36:29.727 [main] DatabaseController - deleted user: 4517
[DEBUG] 2021-10-14 14:36:29.804 [main] DatabaseController - deleted payment card: 2404
[DEBUG] 2021-10-14 14:36:29.890 [main] DatabaseController - deleted address: 2222
[DEBUG] 2021-10-14 14:36:39.267 [main] DatabaseController - created payment card: 6692
[DEBUG] 2021-10-14 14:36:44.384 [main] TestAPI - created user: 332
[DEBUG] 2021-10-14 14:36:44.638 [main] DatabaseController - created user: 7176
[DEBUG] 2021-10-14 14:36:44.992 [main] DatabaseController - created address: 7737
[DEBUG] 2021-10-14 14:36:45.212 [main] DatabaseController - created user: 7904
[DEBUG] 2021-10-14 14:36:45.729 [main] DatabaseController - created user: 7629
[DEBUG] 2021-10-14 14:36:45.863 [main] DatabaseController - deleted user: 332
[DEBUG] 2021-10-14 14:36:45.955 [main] DatabaseController - deleted user: 7176
[DEBUG] 2021-10-14 14:36:46.029 [main] DatabaseController - deleted user: 7904
[DEBUG] 2021-10-14 14:36:46.112 [main] DatabaseController - deleted user: 7629
[DEBUG] 2021-10-14 14:36:46.195 [main] DatabaseController - deleted payment card: 6692
[DEBUG] 2021-10-14 14:36:46.346 [main] DatabaseController - deleted address: 7737
[DEBUG] 2021-10-14 14:55:50.207 [main] DatabaseController - created payment card: 1853
[DEBUG] 2021-10-14 14:55:52.629 [main] TestAPI - created user: 333
[DEBUG] 2021-10-14 14:55:52.759 [main] DatabaseController - created user: 8750
[DEBUG] 2021-10-14 14:55:52.915 [main] DatabaseController - created address: 8730
[DEBUG] 2021-10-14 14:55:53.062 [main] DatabaseController - created user: 1945
[DEBUG] 2021-10-14 14:55:53.490 [main] DatabaseController - created user: 3490
[DEBUG] 2021-10-14 14:55:53.645 [main] DatabaseController - deleted user: 333
[DEBUG] 2021-10-14 14:55:53.723 [main] DatabaseController - deleted user: 8750
[DEBUG] 2021-10-14 14:55:53.779 [main] DatabaseController - deleted user: 1945
[DEBUG] 2021-10-14 14:55:53.851 [main] DatabaseController - deleted user: 3490
[DEBUG] 2021-10-14 14:55:53.943 [main] DatabaseController - deleted payment card: 1853
[DEBUG] 2021-10-14 14:55:54.014 [main] DatabaseController - deleted address: 8730
[DEBUG] 2021-10-14 14:56:01.820 [main] DatabaseController - created payment card: 9281
[DEBUG] 2021-10-14 14:56:04.200 [main] TestAPI - created user: 334
[DEBUG] 2021-10-14 14:56:04.308 [main] DatabaseController - created user: 1882
[DEBUG] 2021-10-14 14:56:04.490 [main] DatabaseController - created address: 2994
[DEBUG] 2021-10-14 14:56:04.734 [main] DatabaseController - created user: 6454
[DEBUG] 2021-10-14 14:56:06.088 [main] DatabaseController - created user: 2994
[DEBUG] 2021-10-14 14:56:06.192 [main] DatabaseController - deleted user: 334
[DEBUG] 2021-10-14 14:56:06.247 [main] DatabaseController - deleted user: 1882
[DEBUG] 2021-10-14 14:56:06.292 [main] DatabaseController - deleted user: 6454
[DEBUG] 2021-10-14 14:56:06.350 [main] DatabaseController - deleted user: 2994
[DEBUG] 2021-10-14 14:56:06.401 [main] DatabaseController - deleted payment card: 9281
[DEBUG] 2021-10-14 14:56:06.446 [main] DatabaseController - deleted address: 2994
[DEBUG] 2021-10-14 14:59:02.263 [main] DatabaseController - created payment card: 9574
[DEBUG] 2021-10-14 14:59:05.143 [main] TestAPI - created user: 335
[DEBUG] 2021-10-14 14:59:05.273 [main] DatabaseController - created user: 1051
[DEBUG] 2021-10-14 14:59:05.446 [main] DatabaseController - created address: 4875
[DEBUG] 2021-10-14 14:59:05.608 [main] DatabaseController - created user: 9619
[DEBUG] 2021-10-14 14:59:05.970 [main] DatabaseController - created user: 1029
[DEBUG] 2021-10-14 14:59:06.075 [main] DatabaseController - deleted user: 335
[DEBUG] 2021-10-14 14:59:06.121 [main] DatabaseController - deleted user: 1051
[DEBUG] 2021-10-14 14:59:06.177 [main] DatabaseController - deleted user: 9619
[DEBUG] 2021-10-14 14:59:06.236 [main] DatabaseController - deleted user: 1029
[DEBUG] 2021-10-14 14:59:06.297 [main] DatabaseController - deleted payment card: 9574
[DEBUG] 2021-10-14 14:59:06.342 [main] DatabaseController - deleted address: 4875
[DEBUG] 2021-10-14 15:02:51.308 [main] DatabaseController - created payment card: 1805
[DEBUG] 2021-10-14 15:02:53.910 [main] TestAPI - created user: 336
[DEBUG] 2021-10-14 15:02:54.048 [main] DatabaseController - created user: 5357
[DEBUG] 2021-10-14 15:02:54.233 [main] DatabaseController - created address: 8221
[DEBUG] 2021-10-14 15:02:54.394 [main] DatabaseController - created user: 2773
[DEBUG] 2021-10-14 15:02:54.744 [main] DatabaseController - created user: 1933
[DEBUG] 2021-10-14 15:02:54.845 [main] DatabaseController - deleted user: 336
[DEBUG] 2021-10-14 15:02:54.913 [main] DatabaseController - deleted user: 5357
[DEBUG] 2021-10-14 15:02:54.949 [main] DatabaseController - deleted user: 2773
[DEBUG] 2021-10-14 15:02:54.999 [main] DatabaseController - deleted user: 1933
[DEBUG] 2021-10-14 15:02:55.043 [main] DatabaseController - deleted payment card: 1805
[DEBUG] 2021-10-14 15:02:55.086 [main] DatabaseController - deleted address: 8221
[DEBUG] 2021-10-14 15:09:56.828 [main] DatabaseController - created payment card: 2241
[DEBUG] 2021-10-14 15:10:00.859 [main] TestAPI - created user: 337
[DEBUG] 2021-10-14 15:10:01.045 [main] DatabaseController - created user: 9533
[DEBUG] 2021-10-14 15:10:01.259 [main] DatabaseController - created address: 6578
[DEBUG] 2021-10-14 15:10:01.428 [main] DatabaseController - created user: 6445
[DEBUG] 2021-10-14 15:10:01.768 [main] DatabaseController - created user: 1080
[DEBUG] 2021-10-14 15:10:01.856 [main] DatabaseController - deleted user: 337
[DEBUG] 2021-10-14 15:10:01.899 [main] DatabaseController - deleted user: 9533
[DEBUG] 2021-10-14 15:10:01.939 [main] DatabaseController - deleted user: 6445
[DEBUG] 2021-10-14 15:10:01.977 [main] DatabaseController - deleted user: 1080
[DEBUG] 2021-10-14 15:10:02.015 [main] DatabaseController - deleted payment card: 2241
[DEBUG] 2021-10-14 15:10:02.047 [main] DatabaseController - deleted address: 6578
[DEBUG] 2021-10-14 15:10:37.089 [main] DatabaseController - created payment card: 6524
[DEBUG] 2021-10-14 15:10:39.883 [main] TestAPI - created user: 338
[DEBUG] 2021-10-14 15:10:40.003 [main] DatabaseController - created user: 2665
[DEBUG] 2021-10-14 15:10:40.191 [main] DatabaseController - created address: 9179
[DEBUG] 2021-10-14 15:10:40.330 [main] DatabaseController - created user: 4527
[DEBUG] 2021-10-14 15:10:40.686 [main] DatabaseController - created user: 4517
[DEBUG] 2021-10-14 15:10:40.986 [main] DatabaseController - deleted user: 338
[DEBUG] 2021-10-14 15:10:41.040 [main] DatabaseController - deleted user: 2665
[DEBUG] 2021-10-14 15:10:41.106 [main] DatabaseController - deleted user: 4527
[DEBUG] 2021-10-14 15:10:41.166 [main] DatabaseController - deleted user: 4517
[DEBUG] 2021-10-14 15:10:41.216 [main] DatabaseController - deleted payment card: 6524
[DEBUG] 2021-10-14 15:10:41.267 [main] DatabaseController - deleted address: 9179
[DEBUG] 2021-10-14 15:10:54.033 [main] DatabaseController - created payment card: 1176
[DEBUG] 2021-10-14 15:10:57.083 [main] TestAPI - created user: 339
[DEBUG] 2021-10-14 15:10:57.220 [main] DatabaseController - created user: 7874
[DEBUG] 2021-10-14 15:10:57.397 [main] DatabaseController - created address: 4216
[DEBUG] 2021-10-14 15:10:57.556 [main] DatabaseController - created user: 4912
[DEBUG] 2021-10-14 15:10:57.969 [main] DatabaseController - created user: 7132
[DEBUG] 2021-10-14 15:10:58.126 [main] DatabaseController - deleted user: 339
[DEBUG] 2021-10-14 15:10:58.284 [main] DatabaseController - deleted user: 7874
[DEBUG] 2021-10-14 15:10:58.350 [main] DatabaseController - deleted user: 4912
[DEBUG] 2021-10-14 15:10:58.461 [main] DatabaseController - deleted user: 7132
[DEBUG] 2021-10-14 15:10:58.534 [main] DatabaseController - deleted payment card: 1176
[DEBUG] 2021-10-14 15:10:58.586 [main] DatabaseController - deleted address: 4216
[DEBUG] 2021-10-14 15:11:57.165 [main] DatabaseController - created payment card: 3921
[DEBUG] 2021-10-14 15:11:59.678 [main] TestAPI - created user: 340
[DEBUG] 2021-10-14 15:11:59.788 [main] DatabaseController - created user: 8167
[DEBUG] 2021-10-14 15:11:59.943 [main] DatabaseController - created address: 8209
[DEBUG] 2021-10-14 15:12:00.089 [main] DatabaseController - created user: 8236
[DEBUG] 2021-10-14 15:12:00.381 [main] DatabaseController - created user: 9410
[DEBUG] 2021-10-14 15:12:00.496 [main] DatabaseController - deleted user: 340
[DEBUG] 2021-10-14 15:12:00.556 [main] DatabaseController - deleted user: 8167
[DEBUG] 2021-10-14 15:12:00.606 [main] DatabaseController - deleted user: 8236
[DEBUG] 2021-10-14 15:12:00.654 [main] DatabaseController - deleted user: 9410
[DEBUG] 2021-10-14 15:12:00.705 [main] DatabaseController - deleted payment card: 3921
[DEBUG] 2021-10-14 15:12:00.744 [main] DatabaseController - deleted address: 8209
[DEBUG] 2021-10-14 16:12:16.657 [main] DatabaseController - created payment card: 3771
[DEBUG] 2021-10-14 16:12:19.659 [main] TestAPI - created user: 341
[DEBUG] 2021-10-14 16:12:19.781 [main] DatabaseController - created user: 3994
[DEBUG] 2021-10-14 16:12:19.941 [main] DatabaseController - created address: 2440
[DEBUG] 2021-10-14 16:12:20.056 [main] DatabaseController - created user: 9090
[DEBUG] 2021-10-14 16:12:20.361 [main] DatabaseController - created user: 2992
[DEBUG] 2021-10-14 16:12:20.458 [main] DatabaseController - deleted user: 341
[DEBUG] 2021-10-14 16:12:20.499 [main] DatabaseController - deleted user: 3994
[DEBUG] 2021-10-14 16:12:20.540 [main] DatabaseController - deleted user: 9090
[DEBUG] 2021-10-14 16:12:20.587 [main] DatabaseController - deleted user: 2992
[DEBUG] 2021-10-14 16:12:20.632 [main] DatabaseController - deleted payment card: 3771
[DEBUG] 2021-10-14 16:12:20.670 [main] DatabaseController - deleted address: 2440
[DEBUG] 2021-10-14 16:13:40.240 [main] DatabaseController - created payment card: 8503
[DEBUG] 2021-10-14 16:13:43.037 [main] TestAPI - created user: 342
[DEBUG] 2021-10-14 16:13:43.151 [main] DatabaseController - created user: 2718
[DEBUG] 2021-10-14 16:13:43.374 [main] DatabaseController - created address: 5270
[DEBUG] 2021-10-14 16:13:43.487 [main] DatabaseController - created user: 9405
[DEBUG] 2021-10-14 16:13:43.892 [main] DatabaseController - created user: 6289
[DEBUG] 2021-10-14 16:13:44.001 [main] DatabaseController - deleted user: 342
[DEBUG] 2021-10-14 16:13:44.057 [main] DatabaseController - deleted user: 2718
[DEBUG] 2021-10-14 16:13:44.126 [main] DatabaseController - deleted user: 9405
[DEBUG] 2021-10-14 16:13:44.191 [main] DatabaseController - deleted user: 6289
[DEBUG] 2021-10-14 16:13:44.244 [main] DatabaseController - deleted payment card: 8503
[DEBUG] 2021-10-14 16:13:44.295 [main] DatabaseController - deleted address: 5270
[DEBUG] 2021-10-14 16:14:09.601 [main] DatabaseController - created payment card: 9964
[DEBUG] 2021-10-14 16:14:11.975 [main] TestAPI - created user: 343
[DEBUG] 2021-10-14 16:14:12.085 [main] DatabaseController - created user: 5332
[DEBUG] 2021-10-14 16:14:12.289 [main] DatabaseController - created address: 8708
[DEBUG] 2021-10-14 16:14:12.424 [main] DatabaseController - created user: 1114
[DEBUG] 2021-10-14 16:14:12.713 [main] DatabaseController - created user: 7615
[DEBUG] 2021-10-14 16:14:12.804 [main] DatabaseController - deleted user: 343
[DEBUG] 2021-10-14 16:14:12.848 [main] DatabaseController - deleted user: 5332
[DEBUG] 2021-10-14 16:14:12.898 [main] DatabaseController - deleted user: 1114
[DEBUG] 2021-10-14 16:14:12.946 [main] DatabaseController - deleted user: 7615
[DEBUG] 2021-10-14 16:14:12.991 [main] DatabaseController - deleted payment card: 9964
[DEBUG] 2021-10-14 16:14:13.020 [main] DatabaseController - deleted address: 8708
[DEBUG] 2021-10-14 16:18:08.731 [main] DatabaseController - created user: 4033
[DEBUG] 2021-10-14 16:18:10.425 [main] DatabaseController - deleted user: 4033
[DEBUG] 2021-10-14 16:18:43.182 [main] DatabaseController - created user: 3654
[DEBUG] 2021-10-14 16:18:44.827 [main] DatabaseController - deleted user: 3654
[DEBUG] 2021-10-14 16:19:13.072 [main] DatabaseController - created payment card: 4761
[DEBUG] 2021-10-14 16:19:14.983 [main] TestAPI - created user: 344
[DEBUG] 2021-10-14 16:19:15.117 [main] DatabaseController - created user: 7507
[DEBUG] 2021-10-14 16:19:15.263 [main] DatabaseController - created address: 9632
[DEBUG] 2021-10-14 16:19:15.412 [main] DatabaseController - created user: 6638
[DEBUG] 2021-10-14 16:19:15.755 [main] DatabaseController - created user: 4687
[DEBUG] 2021-10-14 16:19:15.881 [main] DatabaseController - deleted user: 344
[DEBUG] 2021-10-14 16:19:15.934 [main] DatabaseController - deleted user: 7507
[DEBUG] 2021-10-14 16:19:16.011 [main] DatabaseController - deleted user: 6638
[DEBUG] 2021-10-14 16:19:16.057 [main] DatabaseController - deleted user: 4687
[DEBUG] 2021-10-14 16:19:16.103 [main] DatabaseController - deleted payment card: 4761
[DEBUG] 2021-10-14 16:19:16.149 [main] DatabaseController - deleted address: 9632
[DEBUG] 2021-10-14 16:19:47.187 [main] DatabaseController - created payment card: 5976
[DEBUG] 2021-10-14 16:19:49.171 [main] TestAPI - created user: 345
[DEBUG] 2021-10-14 16:19:49.306 [main] DatabaseController - created user: 4893
[DEBUG] 2021-10-14 16:19:49.462 [main] DatabaseController - created address: 4176
[DEBUG] 2021-10-14 16:19:49.608 [main] DatabaseController - created user: 4584
[DEBUG] 2021-10-14 16:19:49.966 [main] DatabaseController - created user: 5903
[DEBUG] 2021-10-14 16:19:50.085 [main] DatabaseController - deleted user: 345
[DEBUG] 2021-10-14 16:19:50.126 [main] DatabaseController - deleted user: 4893
[DEBUG] 2021-10-14 16:19:50.168 [main] DatabaseController - deleted user: 4584
[DEBUG] 2021-10-14 16:19:50.214 [main] DatabaseController - deleted user: 5903
[DEBUG] 2021-10-14 16:19:50.249 [main] DatabaseController - deleted payment card: 5976
[DEBUG] 2021-10-14 16:19:50.286 [main] DatabaseController - deleted address: 4176
[DEBUG] 2021-10-14 16:20:41.199 [main] DatabaseController - created payment card: 8403
[DEBUG] 2021-10-14 16:20:44.110 [main] TestAPI - created user: 346
[DEBUG] 2021-10-14 16:20:44.311 [main] DatabaseController - created user: 6189
[DEBUG] 2021-10-14 16:20:44.505 [main] DatabaseController - created address: 7307
[DEBUG] 2021-10-14 16:20:44.684 [main] DatabaseController - created user: 4649
[DEBUG] 2021-10-14 16:20:45.077 [main] DatabaseController - created user: 9555
[DEBUG] 2021-10-14 16:20:45.179 [main] DatabaseController - deleted user: 346
[DEBUG] 2021-10-14 16:20:45.230 [main] DatabaseController - deleted user: 6189
[DEBUG] 2021-10-14 16:20:45.276 [main] DatabaseController - deleted user: 4649
[DEBUG] 2021-10-14 16:20:45.353 [main] DatabaseController - deleted user: 9555
[DEBUG] 2021-10-14 16:20:45.398 [main] DatabaseController - deleted payment card: 8403
[DEBUG] 2021-10-14 16:20:45.443 [main] DatabaseController - deleted address: 7307
[DEBUG] 2021-10-14 16:28:25.852 [main] DatabaseController - created payment card: 9652
[DEBUG] 2021-10-14 16:28:27.732 [main] TestAPI - created user: 347
[DEBUG] 2021-10-14 16:28:27.834 [main] DatabaseController - created user: 3555
[DEBUG] 2021-10-14 16:28:28.002 [main] DatabaseController - created address: 2658
[DEBUG] 2021-10-14 16:28:28.131 [main] DatabaseController - created user: 7375
[DEBUG] 2021-10-14 16:28:28.502 [main] DatabaseController - created user: 3973
[DEBUG] 2021-10-14 16:28:28.591 [main] DatabaseController - deleted user: 347
[DEBUG] 2021-10-14 16:28:28.643 [main] DatabaseController - deleted user: 3555
[DEBUG] 2021-10-14 16:28:28.690 [main] DatabaseController - deleted user: 7375
[DEBUG] 2021-10-14 16:28:28.741 [main] DatabaseController - deleted user: 3973
[DEBUG] 2021-10-14 16:28:28.787 [main] DatabaseController - deleted payment card: 9652
[DEBUG] 2021-10-14 16:28:28.833 [main] DatabaseController - deleted address: 2658
[DEBUG] 2021-10-14 16:28:39.013 [main] DatabaseController - created payment card: 4987
[DEBUG] 2021-10-14 16:28:40.893 [main] TestAPI - created user: 348
[DEBUG] 2021-10-14 16:28:40.988 [main] DatabaseController - created user: 5201
[DEBUG] 2021-10-14 16:28:41.147 [main] DatabaseController - created address: 2109
[DEBUG] 2021-10-14 16:28:41.254 [main] DatabaseController - created user: 2679
[DEBUG] 2021-10-14 16:28:41.545 [main] DatabaseController - created user: 6760
[DEBUG] 2021-10-14 16:28:41.618 [main] DatabaseController - deleted user: 348
[DEBUG] 2021-10-14 16:28:41.657 [main] DatabaseController - deleted user: 5201
[DEBUG] 2021-10-14 16:28:41.701 [main] DatabaseController - deleted user: 2679
[DEBUG] 2021-10-14 16:28:41.742 [main] DatabaseController - deleted user: 6760
[DEBUG] 2021-10-14 16:28:41.787 [main] DatabaseController - deleted payment card: 4987
[DEBUG] 2021-10-14 16:28:41.823 [main] DatabaseController - deleted address: 2109
[DEBUG] 2021-10-14 16:29:05.586 [main] DatabaseController - created payment card: 8065
[DEBUG] 2021-10-14 16:29:07.398 [main] TestAPI - created user: 349
[DEBUG] 2021-10-14 16:29:07.498 [main] DatabaseController - created user: 4918
[DEBUG] 2021-10-14 16:29:07.660 [main] DatabaseController - created address: 1414
[DEBUG] 2021-10-14 16:29:07.807 [main] DatabaseController - created user: 9826
[DEBUG] 2021-10-14 16:29:08.074 [main] DatabaseController - created user: 8895
[DEBUG] 2021-10-14 16:29:08.163 [main] DatabaseController - deleted user: 349
[DEBUG] 2021-10-14 16:29:08.204 [main] DatabaseController - deleted user: 4918
[DEBUG] 2021-10-14 16:29:08.248 [main] DatabaseController - deleted user: 9826
[DEBUG] 2021-10-14 16:29:08.287 [main] DatabaseController - deleted user: 8895
[DEBUG] 2021-10-14 16:29:08.329 [main] DatabaseController - deleted payment card: 8065
[DEBUG] 2021-10-14 16:29:08.362 [main] DatabaseController - deleted address: 1414
[DEBUG] 2021-10-14 16:38:38.775 [main] DatabaseController - created payment card: 5378
[DEBUG] 2021-10-14 16:38:40.565 [main] TestAPI - created user: 350
[DEBUG] 2021-10-14 16:38:40.677 [main] DatabaseController - created user: 2600
[DEBUG] 2021-10-14 16:38:40.823 [main] DatabaseController - created address: 8263
[DEBUG] 2021-10-14 16:38:40.968 [main] DatabaseController - created user: 1824
[DEBUG] 2021-10-14 16:38:41.235 [main] DatabaseController - created user: 8930
[DEBUG] 2021-10-14 16:38:41.369 [main] DatabaseController - deleted user: 350
[DEBUG] 2021-10-14 16:38:41.428 [main] DatabaseController - deleted user: 2600
[DEBUG] 2021-10-14 16:38:41.491 [main] DatabaseController - deleted user: 1824
[DEBUG] 2021-10-14 16:38:41.546 [main] DatabaseController - deleted user: 8930
[DEBUG] 2021-10-14 16:38:41.591 [main] DatabaseController - deleted payment card: 5378
[DEBUG] 2021-10-14 16:38:41.639 [main] DatabaseController - deleted address: 8263
